

================================================================
== Vivado HLS Report for 'smvm_loop1U2'
================================================================
* Date:           Wed Jun  5 23:45:02 2024

* Version:        2018.3 (Build 2405991 on Thu Dec 06 23:56:15 MST 2018)
* Project:        smvmProject
* Solution:       Loop1U2
* Product family: zynq
* Target device:  xc7z020clg484-1


================================================================
== Performance Estimates
================================================================
+ Timing (ns): 
    * Summary: 
    +--------+-------+----------+------------+
    |  Clock | Target| Estimated| Uncertainty|
    +--------+-------+----------+------------+
    |ap_clk  |  10.00|     8.510|        1.25|
    +--------+-------+----------+------------+

+ Latency (clock cycles): 
    * Summary: 
    +-----+-----+-----+-----+---------+
    |  Latency  |  Interval | Pipeline|
    | min | max | min | max |   Type  |
    +-----+-----+-----+-----+---------+
    |    ?|    ?|    ?|    ?|   none  |
    +-----+-----+-----+-----+---------+

    + Detail: 
        * Instance: 
        N/A

        * Loop: 
        +----------+-----+-----+----------+-----------+-----------+------+----------+
        |          |  Latency  | Iteration|  Initiation Interval  | Trip |          |
        | Loop Name| min | max |  Latency |  achieved |   target  | Count| Pipelined|
        +----------+-----+-----+----------+-----------+-----------+------+----------+
        |- loop1   |    ?|    ?|         ?|          -|          -|     2|    no    |
        | + loop2  |    ?|    ?|         5|          -|          -|     ?|    no    |
        | + loop2  |    ?|    ?|         5|          -|          -|     ?|    no    |
        +----------+-----+-----+----------+-----------+-----------+------+----------+



================================================================
== Utilization Estimates
================================================================
* Summary: 
+-----------------+---------+-------+--------+-------+
|       Name      | BRAM_18K| DSP48E|   FF   |  LUT  |
+-----------------+---------+-------+--------+-------+
|DSP              |        -|      -|       -|      -|
|Expression       |        -|      3|       0|    235|
|FIFO             |        -|      -|       -|      -|
|Instance         |        -|      -|       -|      -|
|Memory           |        -|      -|       -|      -|
|Multiplexer      |        -|      -|       -|    197|
|Register         |        -|      -|     376|      -|
+-----------------+---------+-------+--------+-------+
|Total            |        0|      3|     376|    432|
+-----------------+---------+-------+--------+-------+
|Available        |      280|    220|  106400|  53200|
+-----------------+---------+-------+--------+-------+
|Utilization (%)  |        0|      1|   ~0   |   ~0  |
+-----------------+---------+-------+--------+-------+

+ Detail: 
    * Instance: 
    N/A

    * DSP48: 
    N/A

    * Memory: 
    N/A

    * FIFO: 
    N/A

    * Expression: 
    +--------------------+----------+-------+---+----+------------+------------+
    |    Variable Name   | Operation| DSP48E| FF| LUT| Bitwidth P0| Bitwidth P1|
    +--------------------+----------+-------+---+----+------------+------------+
    |grp_fu_225_p2       |     *    |      3|  0|  20|          32|          32|
    |i_1_1_fu_278_p2     |     +    |      0|  0|  12|           3|           2|
    |k_1_1_fu_311_p2     |     +    |      0|  0|  39|          32|           1|
    |k_1_fu_272_p2       |     +    |      0|  0|  39|          32|           1|
    |ytmp_1_1_fu_322_p2  |     +    |      0|  0|  39|          32|          32|
    |ytmp_1_fu_294_p2    |     +    |      0|  0|  39|          32|          32|
    |exitcond_fu_235_p2  |   icmp   |      0|  0|   9|           3|           4|
    |tmp_3_1_fu_300_p2   |   icmp   |      0|  0|  18|          32|          32|
    |tmp_3_fu_261_p2     |   icmp   |      0|  0|  18|          32|          32|
    |i_1_s_fu_250_p2     |    or    |      0|  0|   2|           2|           1|
    +--------------------+----------+-------+---+----+------------+------------+
    |Total               |          |      3|  0| 235|         232|         169|
    +--------------------+----------+-------+---+----+------------+------------+

    * Multiplexer: 
    +---------------------+----+-----------+-----+-----------+
    |         Name        | LUT| Input Size| Bits| Total Bits|
    +---------------------+----+-----------+-----+-----------+
    |ap_NS_fsm            |  62|         15|    1|         15|
    |iFirstEl_address0    |  15|          3|    3|          9|
    |iNonZeroEl_address0  |  15|          3|    4|         12|
    |i_reg_161            |   9|          2|    3|          6|
    |k1_1_reg_208         |   9|          2|   32|         64|
    |k1_reg_186           |   9|          2|   32|         64|
    |mulRes_address0      |  15|          3|    2|          6|
    |mulRes_d0            |  15|          3|   32|         96|
    |values_address0      |  15|          3|    4|         12|
    |vector_address0      |  15|          3|    2|          6|
    |ytmp_reg_173         |   9|          2|   32|         64|
    |ytmp_s_reg_195       |   9|          2|   32|         64|
    +---------------------+----+-----------+-----+-----------+
    |Total                | 197|         43|  179|        418|
    +---------------------+----+-----------+-----+-----------+

    * Register: 
    +-------------------------+----+----+-----+-----------+
    |           Name          | FF | LUT| Bits| Const Bits|
    +-------------------------+----+----+-----+-----------+
    |ap_CS_fsm                |  14|   0|   14|          0|
    |iFirstEl_load_1_reg_400  |  32|   0|   32|          0|
    |iFirstEl_load_2_reg_356  |  32|   0|   32|          0|
    |i_1_1_reg_380            |   3|   0|    3|          0|
    |i_reg_161                |   3|   0|    3|          0|
    |k1_1_reg_208             |  32|   0|   32|          0|
    |k1_reg_186               |  32|   0|   32|          0|
    |k_1_1_reg_418            |  32|   0|   32|          0|
    |k_1_reg_375              |  32|   0|   32|          0|
    |reg_217                  |  32|   0|   32|          0|
    |reg_221                  |  32|   0|   32|          0|
    |reg_231                  |  32|   0|   32|          0|
    |tmp1_reg_331             |   3|   0|   64|         61|
    |tmp_2_reg_341            |   1|   0|   64|         63|
    |ytmp_reg_173             |  32|   0|   32|          0|
    |ytmp_s_reg_195           |  32|   0|   32|          0|
    +-------------------------+----+----+-----+-----------+
    |Total                    | 376|   0|  500|        124|
    +-------------------------+----+----+-----+-----------+



================================================================
== Interface
================================================================
* Summary: 
+---------------------+-----+-----+------------+--------------+--------------+
|      RTL Ports      | Dir | Bits|  Protocol  | Source Object|    C Type    |
+---------------------+-----+-----+------------+--------------+--------------+
|ap_clk               |  in |    1| ap_ctrl_hs | smvm_loop1U2 | return value |
|ap_rst               |  in |    1| ap_ctrl_hs | smvm_loop1U2 | return value |
|ap_start             |  in |    1| ap_ctrl_hs | smvm_loop1U2 | return value |
|ap_done              | out |    1| ap_ctrl_hs | smvm_loop1U2 | return value |
|ap_idle              | out |    1| ap_ctrl_hs | smvm_loop1U2 | return value |
|ap_ready             | out |    1| ap_ctrl_hs | smvm_loop1U2 | return value |
|iFirstEl_address0    | out |    3|  ap_memory |   iFirstEl   |     array    |
|iFirstEl_ce0         | out |    1|  ap_memory |   iFirstEl   |     array    |
|iFirstEl_q0          |  in |   32|  ap_memory |   iFirstEl   |     array    |
|iFirstEl_address1    | out |    3|  ap_memory |   iFirstEl   |     array    |
|iFirstEl_ce1         | out |    1|  ap_memory |   iFirstEl   |     array    |
|iFirstEl_q1          |  in |   32|  ap_memory |   iFirstEl   |     array    |
|iNonZeroEl_address0  | out |    4|  ap_memory |  iNonZeroEl  |     array    |
|iNonZeroEl_ce0       | out |    1|  ap_memory |  iNonZeroEl  |     array    |
|iNonZeroEl_q0        |  in |   32|  ap_memory |  iNonZeroEl  |     array    |
|values_address0      | out |    4|  ap_memory |    values    |     array    |
|values_ce0           | out |    1|  ap_memory |    values    |     array    |
|values_q0            |  in |   32|  ap_memory |    values    |     array    |
|mulRes_address0      | out |    2|  ap_memory |    mulRes    |     array    |
|mulRes_ce0           | out |    1|  ap_memory |    mulRes    |     array    |
|mulRes_we0           | out |    1|  ap_memory |    mulRes    |     array    |
|mulRes_d0            | out |   32|  ap_memory |    mulRes    |     array    |
|vector_address0      | out |    2|  ap_memory |    vector    |     array    |
|vector_ce0           | out |    1|  ap_memory |    vector    |     array    |
|vector_q0            |  in |   32|  ap_memory |    vector    |     array    |
+---------------------+-----+-----+------------+--------------+--------------+

