

================================================================
== Vivado HLS Report for 'smvm'
================================================================
* Date:           Thu Jun  6 23:06:00 2024

* Version:        2018.3 (Build 2405991 on Thu Dec 06 23:56:15 MST 2018)
* Project:        smvmProject
* Solution:       Loop2PU2C2vector
* Product family: zynq
* Target device:  xc7z020clg484-1


================================================================
== Performance Estimates
================================================================
+ Timing (ns): 
    * Summary: 
    +--------+-------+----------+------------+
    |  Clock | Target| Estimated| Uncertainty|
    +--------+-------+----------+------------+
    |ap_clk  |  10.00|     8.510|        1.25|
    +--------+-------+----------+------------+

+ Latency (clock cycles): 
    * Summary: 
    +-----+-----+-----+-----+---------+
    |  Latency  |  Interval | Pipeline|
    | min | max | min | max |   Type  |
    +-----+-----+-----+-----+---------+
    |   33|   41|   33|   41|   none  |
    +-----+-----+-----+-----+---------+

    + Detail: 
        * Instance: 
        N/A

        * Loop: 
        +----------+-----+-----+----------+-----------+-----------+-------+----------+
        |          |  Latency  | Iteration|  Initiation Interval  |  Trip |          |
        | Loop Name| min | max |  Latency |  achieved |   target  | Count | Pipelined|
        +----------+-----+-----+----------+-----------+-----------+-------+----------+
        |- loop1   |   32|   40|  8 ~ 10  |          -|          -|      4|    no    |
        | + loop2  |    4|    6|         5|          1|          1| 0 ~ 2 |    yes   |
        +----------+-----+-----+----------+-----------+-----------+-------+----------+



================================================================
== Utilization Estimates
================================================================
* Summary: 
+-----------------+---------+-------+--------+-------+
|       Name      | BRAM_18K| DSP48E|   FF   |  LUT  |
+-----------------+---------+-------+--------+-------+
|DSP              |        -|      -|       -|      -|
|Expression       |        -|      6|       0|    321|
|FIFO             |        -|      -|       -|      -|
|Instance         |        -|      -|       -|      -|
|Memory           |        -|      -|       -|      -|
|Multiplexer      |        -|      -|       -|     78|
|Register         |        0|      -|     599|     64|
+-----------------+---------+-------+--------+-------+
|Total            |        0|      6|     599|    463|
+-----------------+---------+-------+--------+-------+
|Available        |      280|    220|  106400|  53200|
+-----------------+---------+-------+--------+-------+
|Utilization (%)  |        0|      2|   ~0   |   ~0  |
+-----------------+---------+-------+--------+-------+

+ Detail: 
    * Instance: 
    N/A

    * DSP48: 
    N/A

    * Memory: 
    N/A

    * FIFO: 
    N/A

    * Expression: 
    +------------------------------+----------+-------+---+----+------------+------------+
    |         Variable Name        | Operation| DSP48E| FF| LUT| Bitwidth P0| Bitwidth P1|
    +------------------------------+----------+-------+---+----+------------+------------+
    |tmp_6_1_fu_353_p2             |     *    |      3|  0|  20|          32|          32|
    |tmp_6_fu_349_p2               |     *    |      3|  0|  20|          32|          32|
    |i_1_fu_247_p2                 |     +    |      0|  0|  12|           3|           1|
    |k_1_1_fu_289_p2               |     +    |      0|  0|  39|           2|          32|
    |k_1_fu_273_p2                 |     +    |      0|  0|  39|           1|          32|
    |ytmp_1_1_fu_362_p2            |     +    |      0|  0|  39|          32|          32|
    |ytmp_1_fu_357_p2              |     +    |      0|  0|  39|          32|          32|
    |exitcond_fu_241_p2            |   icmp   |      0|  0|   9|           3|           4|
    |tmp_3_1_fu_279_p2             |   icmp   |      0|  0|  18|          32|          32|
    |tmp_3_fu_263_p2               |   icmp   |      0|  0|  18|          32|          32|
    |ap_predicate_tran8to9_state4  |    or    |      0|  0|   2|           1|           1|
    |vector_load_0_phi_fu_335_p3   |  select  |      0|  0|  32|           1|          32|
    |vector_load_1_phi_fu_342_p3   |  select  |      0|  0|  32|           1|          32|
    |ap_enable_pp0                 |    xor   |      0|  0|   2|           1|           2|
    +------------------------------+----------+-------+---+----+------------+------------+
    |Total                         |          |      6|  0| 321|         205|         328|
    +------------------------------+----------+-------+---+----+------------+------------+

    * Multiplexer: 
    +-------------------------+----+-----------+-----+-----------+
    |           Name          | LUT| Input Size| Bits| Total Bits|
    +-------------------------+----+-----------+-----+-----------+
    |ap_NS_fsm                |  33|          6|    1|          6|
    |ap_enable_reg_pp0_iter4  |   9|          2|    1|          2|
    |i_reg_198                |   9|          2|    3|          6|
    |k1_reg_209               |   9|          2|   32|         64|
    |ytmp_lcssa_reg_230       |   9|          2|   32|         64|
    |ytmp_reg_218             |   9|          2|   32|         64|
    +-------------------------+----+-----------+-----+-----------+
    |Total                    |  78|         16|  101|        206|
    +-------------------------+----+-----------+-----+-----------+

    * Register: 
    +---------------------------+----+----+-----+-----------+
    |            Name           | FF | LUT| Bits| Const Bits|
    +---------------------------+----+----+-----+-----------+
    |ap_CS_fsm                  |   5|   0|    5|          0|
    |ap_enable_reg_pp0_iter0    |   1|   0|    1|          0|
    |ap_enable_reg_pp0_iter1    |   1|   0|    1|          0|
    |ap_enable_reg_pp0_iter2    |   1|   0|    1|          0|
    |ap_enable_reg_pp0_iter3    |   1|   0|    1|          0|
    |ap_enable_reg_pp0_iter4    |   1|   0|    1|          0|
    |iFirstEl_load_reg_395      |  32|   0|   32|          0|
    |i_1_reg_370                |   3|   0|    3|          0|
    |i_reg_198                  |   3|   0|    3|          0|
    |k1_reg_209                 |  32|   0|   32|          0|
    |tmp_3_1_reg_415            |   1|   0|    1|          0|
    |tmp_3_reg_401              |   1|   0|    1|          0|
    |tmp_4_1_reg_419            |  64|   0|   64|          0|
    |tmp_5_reg_439              |   1|   0|    1|          0|
    |tmp_6_1_reg_499            |  32|   0|   32|          0|
    |tmp_6_reg_494              |  32|   0|   32|          0|
    |tmp_7_reg_459              |   1|   0|    1|          0|
    |tmp_reg_375                |   3|   0|   64|         61|
    |tmp_s_reg_405              |  64|   0|   64|          0|
    |values_load_1_reg_484      |  32|   0|   32|          0|
    |values_load_reg_474        |  32|   0|   32|          0|
    |vector_load_0_phi_reg_479  |  32|   0|   32|          0|
    |vector_load_1_phi_reg_489  |  32|   0|   32|          0|
    |ytmp_lcssa_reg_230         |  32|   0|   32|          0|
    |ytmp_reg_218               |  32|   0|   32|          0|
    |tmp_3_1_reg_415            |  64|  32|    1|          0|
    |tmp_3_reg_401              |  64|  32|    1|          0|
    +---------------------------+----+----+-----+-----------+
    |Total                      | 599|  64|  534|         61|
    +---------------------------+----+----+-----+-----------+



================================================================
== Interface
================================================================
* Summary: 
+---------------------+-----+-----+------------+--------------+--------------+
|      RTL Ports      | Dir | Bits|  Protocol  | Source Object|    C Type    |
+---------------------+-----+-----+------------+--------------+--------------+
|ap_clk               |  in |    1| ap_ctrl_hs |     smvm     | return value |
|ap_rst               |  in |    1| ap_ctrl_hs |     smvm     | return value |
|ap_start             |  in |    1| ap_ctrl_hs |     smvm     | return value |
|ap_done              | out |    1| ap_ctrl_hs |     smvm     | return value |
|ap_idle              | out |    1| ap_ctrl_hs |     smvm     | return value |
|ap_ready             | out |    1| ap_ctrl_hs |     smvm     | return value |
|iFirstEl_address0    | out |    3|  ap_memory |   iFirstEl   |     array    |
|iFirstEl_ce0         | out |    1|  ap_memory |   iFirstEl   |     array    |
|iFirstEl_q0          |  in |   32|  ap_memory |   iFirstEl   |     array    |
|iFirstEl_address1    | out |    3|  ap_memory |   iFirstEl   |     array    |
|iFirstEl_ce1         | out |    1|  ap_memory |   iFirstEl   |     array    |
|iFirstEl_q1          |  in |   32|  ap_memory |   iFirstEl   |     array    |
|iNonZeroEl_address0  | out |    4|  ap_memory |  iNonZeroEl  |     array    |
|iNonZeroEl_ce0       | out |    1|  ap_memory |  iNonZeroEl  |     array    |
|iNonZeroEl_q0        |  in |   32|  ap_memory |  iNonZeroEl  |     array    |
|iNonZeroEl_address1  | out |    4|  ap_memory |  iNonZeroEl  |     array    |
|iNonZeroEl_ce1       | out |    1|  ap_memory |  iNonZeroEl  |     array    |
|iNonZeroEl_q1        |  in |   32|  ap_memory |  iNonZeroEl  |     array    |
|values_address0      | out |    4|  ap_memory |    values    |     array    |
|values_ce0           | out |    1|  ap_memory |    values    |     array    |
|values_q0            |  in |   32|  ap_memory |    values    |     array    |
|values_address1      | out |    4|  ap_memory |    values    |     array    |
|values_ce1           | out |    1|  ap_memory |    values    |     array    |
|values_q1            |  in |   32|  ap_memory |    values    |     array    |
|mulRes_address0      | out |    2|  ap_memory |    mulRes    |     array    |
|mulRes_ce0           | out |    1|  ap_memory |    mulRes    |     array    |
|mulRes_we0           | out |    1|  ap_memory |    mulRes    |     array    |
|mulRes_d0            | out |   32|  ap_memory |    mulRes    |     array    |
|vector_0_address0    | out |    1|  ap_memory |   vector_0   |     array    |
|vector_0_ce0         | out |    1|  ap_memory |   vector_0   |     array    |
|vector_0_q0          |  in |   32|  ap_memory |   vector_0   |     array    |
|vector_0_address1    | out |    1|  ap_memory |   vector_0   |     array    |
|vector_0_ce1         | out |    1|  ap_memory |   vector_0   |     array    |
|vector_0_q1          |  in |   32|  ap_memory |   vector_0   |     array    |
|vector_1_address0    | out |    1|  ap_memory |   vector_1   |     array    |
|vector_1_ce0         | out |    1|  ap_memory |   vector_1   |     array    |
|vector_1_q0          |  in |   32|  ap_memory |   vector_1   |     array    |
|vector_1_address1    | out |    1|  ap_memory |   vector_1   |     array    |
|vector_1_ce1         | out |    1|  ap_memory |   vector_1   |     array    |
|vector_1_q1          |  in |   32|  ap_memory |   vector_1   |     array    |
+---------------------+-----+-----+------------+--------------+--------------+

