

================================================================
== Vivado HLS Report for 'smvm_loop2PU2C2vector'
================================================================
* Date:           Thu Jun  6 16:34:52 2024

* Version:        2018.3 (Build 2405991 on Thu Dec 06 23:56:15 MST 2018)
* Project:        smvmProject
* Solution:       Loop2PU2C2vector
* Product family: zynq
* Target device:  xc7z020clg484-1


================================================================
== Performance Estimates
================================================================
+ Timing (ns): 
    * Summary: 
    +--------+-------+----------+------------+
    |  Clock | Target| Estimated| Uncertainty|
    +--------+-------+----------+------------+
    |ap_clk  |  10.00|     8.510|        1.25|
    +--------+-------+----------+------------+

+ Latency (clock cycles): 
    * Summary: 
    +-----+-----+-----+-----+---------+
    |  Latency  |  Interval | Pipeline|
    | min | max | min | max |   Type  |
    +-----+-----+-----+-----+---------+
    |    ?|    ?|    ?|    ?|   none  |
    +-----+-----+-----+-----+---------+

    + Detail: 
        * Instance: 
        N/A

        * Loop: 
        +----------+-----+-----+----------+-----------+-----------+------+----------+
        |          |  Latency  | Iteration|  Initiation Interval  | Trip |          |
        | Loop Name| min | max |  Latency |  achieved |   target  | Count| Pipelined|
        +----------+-----+-----+----------+-----------+-----------+------+----------+
        |- loop1   |    ?|    ?|         ?|          -|          -|     4|    no    |
        | + loop2  |    ?|    ?|         5|          1|          1|     ?|    yes   |
        +----------+-----+-----+----------+-----------+-----------+------+----------+



================================================================
== Utilization Estimates
================================================================
* Summary: 
+-----------------+---------+-------+--------+-------+
|       Name      | BRAM_18K| DSP48E|   FF   |  LUT  |
+-----------------+---------+-------+--------+-------+
|DSP              |        -|      -|       -|      -|
|Expression       |        -|      6|       0|    321|
|FIFO             |        -|      -|       -|      -|
|Instance         |        -|      -|       -|      -|
|Memory           |        -|      -|       -|      -|
|Multiplexer      |        -|      -|       -|     78|
|Register         |        0|      -|     599|     64|
+-----------------+---------+-------+--------+-------+
|Total            |        0|      6|     599|    463|
+-----------------+---------+-------+--------+-------+
|Available        |      280|    220|  106400|  53200|
+-----------------+---------+-------+--------+-------+
|Utilization (%)  |        0|      2|   ~0   |   ~0  |
+-----------------+---------+-------+--------+-------+

+ Detail: 
    * Instance: 
    N/A

    * DSP48: 
    N/A

    * Memory: 
    N/A

    * FIFO: 
    N/A

    * Expression: 
    +------------------------------+----------+-------+---+----+------------+------------+
    |         Variable Name        | Operation| DSP48E| FF| LUT| Bitwidth P0| Bitwidth P1|
    +------------------------------+----------+-------+---+----+------------+------------+
    |tmp_6_1_fu_349_p2             |     *    |      3|  0|  20|          32|          32|
    |tmp_6_fu_345_p2               |     *    |      3|  0|  20|          32|          32|
    |i_1_fu_243_p2                 |     +    |      0|  0|  12|           3|           1|
    |k_1_1_fu_285_p2               |     +    |      0|  0|  39|           2|          32|
    |k_1_fu_269_p2                 |     +    |      0|  0|  39|           1|          32|
    |ytmp_1_1_fu_358_p2            |     +    |      0|  0|  39|          32|          32|
    |ytmp_1_fu_353_p2              |     +    |      0|  0|  39|          32|          32|
    |exitcond_fu_237_p2            |   icmp   |      0|  0|   9|           3|           4|
    |tmp_3_1_fu_275_p2             |   icmp   |      0|  0|  18|          32|          32|
    |tmp_3_fu_259_p2               |   icmp   |      0|  0|  18|          32|          32|
    |ap_predicate_tran8to9_state4  |    or    |      0|  0|   2|           1|           1|
    |vector_load_0_phi_fu_331_p3   |  select  |      0|  0|  32|           1|          32|
    |vector_load_1_phi_fu_338_p3   |  select  |      0|  0|  32|           1|          32|
    |ap_enable_pp0                 |    xor   |      0|  0|   2|           1|           2|
    +------------------------------+----------+-------+---+----+------------+------------+
    |Total                         |          |      6|  0| 321|         205|         328|
    +------------------------------+----------+-------+---+----+------------+------------+

    * Multiplexer: 
    +-------------------------+----+-----------+-----+-----------+
    |           Name          | LUT| Input Size| Bits| Total Bits|
    +-------------------------+----+-----------+-----+-----------+
    |ap_NS_fsm                |  33|          6|    1|          6|
    |ap_enable_reg_pp0_iter4  |   9|          2|    1|          2|
    |i_reg_194                |   9|          2|    3|          6|
    |k1_reg_205               |   9|          2|   32|         64|
    |ytmp_lcssa_reg_226       |   9|          2|   32|         64|
    |ytmp_reg_214             |   9|          2|   32|         64|
    +-------------------------+----+-----------+-----+-----------+
    |Total                    |  78|         16|  101|        206|
    +-------------------------+----+-----------+-----+-----------+

    * Register: 
    +---------------------------+----+----+-----+-----------+
    |            Name           | FF | LUT| Bits| Const Bits|
    +---------------------------+----+----+-----+-----------+
    |ap_CS_fsm                  |   5|   0|    5|          0|
    |ap_enable_reg_pp0_iter0    |   1|   0|    1|          0|
    |ap_enable_reg_pp0_iter1    |   1|   0|    1|          0|
    |ap_enable_reg_pp0_iter2    |   1|   0|    1|          0|
    |ap_enable_reg_pp0_iter3    |   1|   0|    1|          0|
    |ap_enable_reg_pp0_iter4    |   1|   0|    1|          0|
    |iFirstEl_load_reg_391      |  32|   0|   32|          0|
    |i_1_reg_366                |   3|   0|    3|          0|
    |i_reg_194                  |   3|   0|    3|          0|
    |k1_reg_205                 |  32|   0|   32|          0|
    |tmp_3_1_reg_411            |   1|   0|    1|          0|
    |tmp_3_reg_397              |   1|   0|    1|          0|
    |tmp_4_1_reg_415            |  64|   0|   64|          0|
    |tmp_5_reg_435              |   1|   0|    1|          0|
    |tmp_6_1_reg_495            |  32|   0|   32|          0|
    |tmp_6_reg_490              |  32|   0|   32|          0|
    |tmp_7_reg_455              |   1|   0|    1|          0|
    |tmp_reg_371                |   3|   0|   64|         61|
    |tmp_s_reg_401              |  64|   0|   64|          0|
    |values_load_1_reg_480      |  32|   0|   32|          0|
    |values_load_reg_470        |  32|   0|   32|          0|
    |vector_load_0_phi_reg_475  |  32|   0|   32|          0|
    |vector_load_1_phi_reg_485  |  32|   0|   32|          0|
    |ytmp_lcssa_reg_226         |  32|   0|   32|          0|
    |ytmp_reg_214               |  32|   0|   32|          0|
    |tmp_3_1_reg_411            |  64|  32|    1|          0|
    |tmp_3_reg_397              |  64|  32|    1|          0|
    +---------------------------+----+----+-----+-----------+
    |Total                      | 599|  64|  534|         61|
    +---------------------------+----+----+-----+-----------+



================================================================
== Interface
================================================================
* Summary: 
+---------------------+-----+-----+------------+-----------------------+--------------+
|      RTL Ports      | Dir | Bits|  Protocol  |     Source Object     |    C Type    |
+---------------------+-----+-----+------------+-----------------------+--------------+
|ap_clk               |  in |    1| ap_ctrl_hs | smvm_loop2PU2C2vector | return value |
|ap_rst               |  in |    1| ap_ctrl_hs | smvm_loop2PU2C2vector | return value |
|ap_start             |  in |    1| ap_ctrl_hs | smvm_loop2PU2C2vector | return value |
|ap_done              | out |    1| ap_ctrl_hs | smvm_loop2PU2C2vector | return value |
|ap_idle              | out |    1| ap_ctrl_hs | smvm_loop2PU2C2vector | return value |
|ap_ready             | out |    1| ap_ctrl_hs | smvm_loop2PU2C2vector | return value |
|iFirstEl_address0    | out |    3|  ap_memory |        iFirstEl       |     array    |
|iFirstEl_ce0         | out |    1|  ap_memory |        iFirstEl       |     array    |
|iFirstEl_q0          |  in |   32|  ap_memory |        iFirstEl       |     array    |
|iFirstEl_address1    | out |    3|  ap_memory |        iFirstEl       |     array    |
|iFirstEl_ce1         | out |    1|  ap_memory |        iFirstEl       |     array    |
|iFirstEl_q1          |  in |   32|  ap_memory |        iFirstEl       |     array    |
|iNonZeroEl_address0  | out |    4|  ap_memory |       iNonZeroEl      |     array    |
|iNonZeroEl_ce0       | out |    1|  ap_memory |       iNonZeroEl      |     array    |
|iNonZeroEl_q0        |  in |   32|  ap_memory |       iNonZeroEl      |     array    |
|iNonZeroEl_address1  | out |    4|  ap_memory |       iNonZeroEl      |     array    |
|iNonZeroEl_ce1       | out |    1|  ap_memory |       iNonZeroEl      |     array    |
|iNonZeroEl_q1        |  in |   32|  ap_memory |       iNonZeroEl      |     array    |
|values_address0      | out |    4|  ap_memory |         values        |     array    |
|values_ce0           | out |    1|  ap_memory |         values        |     array    |
|values_q0            |  in |   32|  ap_memory |         values        |     array    |
|values_address1      | out |    4|  ap_memory |         values        |     array    |
|values_ce1           | out |    1|  ap_memory |         values        |     array    |
|values_q1            |  in |   32|  ap_memory |         values        |     array    |
|mulRes_address0      | out |    2|  ap_memory |         mulRes        |     array    |
|mulRes_ce0           | out |    1|  ap_memory |         mulRes        |     array    |
|mulRes_we0           | out |    1|  ap_memory |         mulRes        |     array    |
|mulRes_d0            | out |   32|  ap_memory |         mulRes        |     array    |
|vector_0_address0    | out |    1|  ap_memory |        vector_0       |     array    |
|vector_0_ce0         | out |    1|  ap_memory |        vector_0       |     array    |
|vector_0_q0          |  in |   32|  ap_memory |        vector_0       |     array    |
|vector_0_address1    | out |    1|  ap_memory |        vector_0       |     array    |
|vector_0_ce1         | out |    1|  ap_memory |        vector_0       |     array    |
|vector_0_q1          |  in |   32|  ap_memory |        vector_0       |     array    |
|vector_1_address0    | out |    1|  ap_memory |        vector_1       |     array    |
|vector_1_ce0         | out |    1|  ap_memory |        vector_1       |     array    |
|vector_1_q0          |  in |   32|  ap_memory |        vector_1       |     array    |
|vector_1_address1    | out |    1|  ap_memory |        vector_1       |     array    |
|vector_1_ce1         | out |    1|  ap_memory |        vector_1       |     array    |
|vector_1_q1          |  in |   32|  ap_memory |        vector_1       |     array    |
+---------------------+-----+-----+------------+-----------------------+--------------+

