

================================================================
== Vivado HLS Report for 'smvm'
================================================================
* Date:           Sun Jun  9 18:47:53 2024

* Version:        2018.3 (Build 2405991 on Thu Dec 06 23:56:15 MST 2018)
* Project:        smvmProject
* Solution:       Loop2PU2B8iNonZeroEl
* Product family: zynq
* Target device:  xc7z020clg484-1


================================================================
== Performance Estimates
================================================================
+ Timing (ns): 
    * Summary: 
    +--------+-------+----------+------------+
    |  Clock | Target| Estimated| Uncertainty|
    +--------+-------+----------+------------+
    |ap_clk  |  10.00|     8.510|        1.25|
    +--------+-------+----------+------------+

+ Latency (clock cycles): 
    * Summary: 
    +-----+-----+-----+-----+---------+
    |  Latency  |  Interval | Pipeline|
    | min | max | min | max |   Type  |
    +-----+-----+-----+-----+---------+
    |  113|  241|  113|  241|   none  |
    +-----+-----+-----+-----+---------+

    + Detail: 
        * Instance: 
        N/A

        * Loop: 
        +----------+-----+-----+----------+-----------+-----------+-------+----------+
        |          |  Latency  | Iteration|  Initiation Interval  |  Trip |          |
        | Loop Name| min | max |  Latency |  achieved |   target  | Count | Pipelined|
        +----------+-----+-----+----------+-----------+-----------+-------+----------+
        |- loop1   |  112|  240|  7 ~ 15  |          -|          -|     16|    no    |
        | + loop2  |    3|   11|         4|          1|          1| 0 ~ 8 |    yes   |
        +----------+-----+-----+----------+-----------+-----------+-------+----------+



================================================================
== Utilization Estimates
================================================================
* Summary: 
+-----------------+---------+-------+--------+-------+
|       Name      | BRAM_18K| DSP48E|   FF   |  LUT  |
+-----------------+---------+-------+--------+-------+
|DSP              |        -|      -|       -|      -|
|Expression       |        -|      6|       0|    275|
|FIFO             |        -|      -|       -|      -|
|Instance         |        -|      -|       0|    130|
|Memory           |        -|      -|       -|      -|
|Multiplexer      |        -|      -|       -|     78|
|Register         |        0|      -|     474|     64|
+-----------------+---------+-------+--------+-------+
|Total            |        0|      6|     474|    547|
+-----------------+---------+-------+--------+-------+
|Available        |      280|    220|  106400|  53200|
+-----------------+---------+-------+--------+-------+
|Utilization (%)  |        0|      2|   ~0   |      1|
+-----------------+---------+-------+--------+-------+

+ Detail: 
    * Instance: 
    +------------------------+---------------------+---------+-------+---+----+
    |        Instance        |        Module       | BRAM_18K| DSP48E| FF| LUT|
    +------------------------+---------------------+---------+-------+---+----+
    |smvm_mux_164_32_1_1_U1  |smvm_mux_164_32_1_1  |        0|      0|  0|  65|
    |smvm_mux_164_32_1_1_U2  |smvm_mux_164_32_1_1  |        0|      0|  0|  65|
    +------------------------+---------------------+---------+-------+---+----+
    |Total                   |                     |        0|      0|  0| 130|
    +------------------------+---------------------+---------+-------+---+----+

    * DSP48: 
    N/A

    * Memory: 
    N/A

    * FIFO: 
    N/A

    * Expression: 
    +------------------------------+----------+-------+---+----+------------+------------+
    |         Variable Name        | Operation| DSP48E| FF| LUT| Bitwidth P0| Bitwidth P1|
    +------------------------------+----------+-------+---+----+------------+------------+
    |tmp_6_1_fu_471_p2             |     *    |      3|  0|  20|          32|          32|
    |tmp_6_fu_467_p2               |     *    |      3|  0|  20|          32|          32|
    |i_1_fu_323_p2                 |     +    |      0|  0|  15|           5|           1|
    |k_1_1_fu_461_p2               |     +    |      0|  0|  39|          32|           2|
    |k_1_fu_396_p2                 |     +    |      0|  0|  39|           1|          32|
    |tmp_8_fu_418_p17              |     +    |      0|  0|  13|           4|           1|
    |ytmp_1_1_fu_480_p2            |     +    |      0|  0|  39|          32|          32|
    |ytmp_1_fu_475_p2              |     +    |      0|  0|  39|          32|          32|
    |exitcond_fu_317_p2            |   icmp   |      0|  0|  11|           5|           6|
    |tmp_3_1_fu_402_p2             |   icmp   |      0|  0|  18|          32|          32|
    |tmp_3_fu_339_p2               |   icmp   |      0|  0|  18|          32|          32|
    |ap_predicate_tran7to8_state4  |    or    |      0|  0|   2|           1|           1|
    |ap_enable_pp0                 |    xor   |      0|  0|   2|           1|           2|
    +------------------------------+----------+-------+---+----+------------+------------+
    |Total                         |          |      6|  0| 275|         241|         237|
    +------------------------------+----------+-------+---+----+------------+------------+

    * Multiplexer: 
    +-------------------------+----+-----------+-----+-----------+
    |           Name          | LUT| Input Size| Bits| Total Bits|
    +-------------------------+----+-----------+-----+-----------+
    |ap_NS_fsm                |  33|          6|    1|          6|
    |ap_enable_reg_pp0_iter3  |   9|          2|    1|          2|
    |i_reg_274                |   9|          2|    5|         10|
    |k1_reg_285               |   9|          2|   32|         64|
    |ytmp_lcssa_reg_306       |   9|          2|   32|         64|
    |ytmp_reg_294             |   9|          2|   32|         64|
    +-------------------------+----+-----------+-----+-----------+
    |Total                    |  78|         16|  103|        210|
    +-------------------------+----+-----------+-----+-----------+

    * Register: 
    +-------------------------+----+----+-----+-----------+
    |           Name          | FF | LUT| Bits| Const Bits|
    +-------------------------+----+----+-----+-----------+
    |ap_CS_fsm                |   5|   0|    5|          0|
    |ap_enable_reg_pp0_iter0  |   1|   0|    1|          0|
    |ap_enable_reg_pp0_iter1  |   1|   0|    1|          0|
    |ap_enable_reg_pp0_iter2  |   1|   0|    1|          0|
    |ap_enable_reg_pp0_iter3  |   1|   0|    1|          0|
    |iFirstEl_load_reg_513    |  32|   0|   32|          0|
    |i_1_reg_488              |   5|   0|    5|          0|
    |i_reg_274                |   5|   0|    5|          0|
    |k1_reg_285               |  32|   0|   32|          0|
    |tmp_3_1_reg_533          |   1|   0|    1|          0|
    |tmp_3_reg_519            |   1|   0|    1|          0|
    |tmp_6_1_reg_577          |  32|   0|   32|          0|
    |tmp_6_reg_572            |  32|   0|   32|          0|
    |tmp_reg_493              |   5|   0|   64|         59|
    |values_load_1_reg_562    |  32|   0|   32|          0|
    |values_load_reg_552      |  32|   0|   32|          0|
    |vector_load_1_reg_567    |  32|   0|   32|          0|
    |vector_load_reg_557      |  32|   0|   32|          0|
    |ytmp_lcssa_reg_306       |  32|   0|   32|          0|
    |ytmp_reg_294             |  32|   0|   32|          0|
    |tmp_3_1_reg_533          |  64|  32|    1|          0|
    |tmp_3_reg_519            |  64|  32|    1|          0|
    +-------------------------+----+----+-----+-----------+
    |Total                    | 474|  64|  407|         59|
    +-------------------------+----+----+-----+-----------+



================================================================
== Interface
================================================================
* Summary: 
+-------------------+-----+-----+------------+---------------+--------------+
|     RTL Ports     | Dir | Bits|  Protocol  | Source Object |    C Type    |
+-------------------+-----+-----+------------+---------------+--------------+
|ap_clk             |  in |    1| ap_ctrl_hs |      smvm     | return value |
|ap_rst             |  in |    1| ap_ctrl_hs |      smvm     | return value |
|ap_start           |  in |    1| ap_ctrl_hs |      smvm     | return value |
|ap_done            | out |    1| ap_ctrl_hs |      smvm     | return value |
|ap_idle            | out |    1| ap_ctrl_hs |      smvm     | return value |
|ap_ready           | out |    1| ap_ctrl_hs |      smvm     | return value |
|iFirstEl_address0  | out |    5|  ap_memory |    iFirstEl   |     array    |
|iFirstEl_ce0       | out |    1|  ap_memory |    iFirstEl   |     array    |
|iFirstEl_q0        |  in |   32|  ap_memory |    iFirstEl   |     array    |
|iFirstEl_address1  | out |    5|  ap_memory |    iFirstEl   |     array    |
|iFirstEl_ce1       | out |    1|  ap_memory |    iFirstEl   |     array    |
|iFirstEl_q1        |  in |   32|  ap_memory |    iFirstEl   |     array    |
|iNonZeroEl_0       |  in |   32|   ap_none  |  iNonZeroEl_0 |    pointer   |
|iNonZeroEl_1       |  in |   32|   ap_none  |  iNonZeroEl_1 |    pointer   |
|iNonZeroEl_2       |  in |   32|   ap_none  |  iNonZeroEl_2 |    pointer   |
|iNonZeroEl_3       |  in |   32|   ap_none  |  iNonZeroEl_3 |    pointer   |
|iNonZeroEl_4       |  in |   32|   ap_none  |  iNonZeroEl_4 |    pointer   |
|iNonZeroEl_5       |  in |   32|   ap_none  |  iNonZeroEl_5 |    pointer   |
|iNonZeroEl_6       |  in |   32|   ap_none  |  iNonZeroEl_6 |    pointer   |
|iNonZeroEl_7       |  in |   32|   ap_none  |  iNonZeroEl_7 |    pointer   |
|iNonZeroEl_8       |  in |   32|   ap_none  |  iNonZeroEl_8 |    pointer   |
|iNonZeroEl_9       |  in |   32|   ap_none  |  iNonZeroEl_9 |    pointer   |
|iNonZeroEl_10      |  in |   32|   ap_none  | iNonZeroEl_10 |    pointer   |
|iNonZeroEl_11      |  in |   32|   ap_none  | iNonZeroEl_11 |    pointer   |
|iNonZeroEl_12      |  in |   32|   ap_none  | iNonZeroEl_12 |    pointer   |
|iNonZeroEl_13      |  in |   32|   ap_none  | iNonZeroEl_13 |    pointer   |
|iNonZeroEl_14      |  in |   32|   ap_none  | iNonZeroEl_14 |    pointer   |
|iNonZeroEl_15      |  in |   32|   ap_none  | iNonZeroEl_15 |    pointer   |
|values_address0    | out |    4|  ap_memory |     values    |     array    |
|values_ce0         | out |    1|  ap_memory |     values    |     array    |
|values_q0          |  in |   32|  ap_memory |     values    |     array    |
|values_address1    | out |    4|  ap_memory |     values    |     array    |
|values_ce1         | out |    1|  ap_memory |     values    |     array    |
|values_q1          |  in |   32|  ap_memory |     values    |     array    |
|mulRes_address0    | out |    4|  ap_memory |     mulRes    |     array    |
|mulRes_ce0         | out |    1|  ap_memory |     mulRes    |     array    |
|mulRes_we0         | out |    1|  ap_memory |     mulRes    |     array    |
|mulRes_d0          | out |   32|  ap_memory |     mulRes    |     array    |
|vector_address0    | out |    4|  ap_memory |     vector    |     array    |
|vector_ce0         | out |    1|  ap_memory |     vector    |     array    |
|vector_q0          |  in |   32|  ap_memory |     vector    |     array    |
|vector_address1    | out |    4|  ap_memory |     vector    |     array    |
|vector_ce1         | out |    1|  ap_memory |     vector    |     array    |
|vector_q1          |  in |   32|  ap_memory |     vector    |     array    |
+-------------------+-----+-----+------------+---------------+--------------+

