

================================================================
== Vivado HLS Report for 'smvm'
================================================================
* Date:           Wed Jun 12 18:15:42 2024

* Version:        2018.3 (Build 2405991 on Thu Dec 06 23:56:15 MST 2018)
* Project:        smvmProject
* Solution:       Loop2PU2C8all3
* Product family: zynq
* Target device:  xc7z020clg484-1


================================================================
== Performance Estimates
================================================================
+ Timing (ns): 
    * Summary: 
    +--------+-------+----------+------------+
    |  Clock | Target| Estimated| Uncertainty|
    +--------+-------+----------+------------+
    |ap_clk  |  10.00|     8.510|        1.25|
    +--------+-------+----------+------------+

+ Latency (clock cycles): 
    * Summary: 
    +-----+-----+-----+-----+---------+
    |  Latency  |  Interval | Pipeline|
    | min | max | min | max |   Type  |
    +-----+-----+-----+-----+---------+
    |   57|   89|   57|   89|   none  |
    +-----+-----+-----+-----+---------+

    + Detail: 
        * Instance: 
        N/A

        * Loop: 
        +----------+-----+-----+----------+-----------+-----------+-------+----------+
        |          |  Latency  | Iteration|  Initiation Interval  |  Trip |          |
        | Loop Name| min | max |  Latency |  achieved |   target  | Count | Pipelined|
        +----------+-----+-----+----------+-----------+-----------+-------+----------+
        |- loop1   |   56|   88|  7 ~ 11  |          -|          -|      8|    no    |
        | + loop2  |    3|    7|         4|          1|          1| 0 ~ 4 |    yes   |
        +----------+-----+-----+----------+-----------+-----------+-------+----------+



================================================================
== Utilization Estimates
================================================================
* Summary: 
+-----------------+---------+-------+--------+-------+
|       Name      | BRAM_18K| DSP48E|   FF   |  LUT  |
+-----------------+---------+-------+--------+-------+
|DSP              |        -|      -|       -|      -|
|Expression       |        -|      6|       0|    580|
|FIFO             |        -|      -|       -|      -|
|Instance         |        -|      -|       0|     90|
|Memory           |        -|      -|       -|      -|
|Multiplexer      |        -|      -|       -|    166|
|Register         |        0|      -|     762|     64|
+-----------------+---------+-------+--------+-------+
|Total            |        0|      6|     762|    900|
+-----------------+---------+-------+--------+-------+
|Available        |      280|    220|  106400|  53200|
+-----------------+---------+-------+--------+-------+
|Utilization (%)  |        0|      2|   ~0   |      1|
+-----------------+---------+-------+--------+-------+

+ Detail: 
    * Instance: 
    +-----------------------+--------------------+---------+-------+---+----+
    |        Instance       |       Module       | BRAM_18K| DSP48E| FF| LUT|
    +-----------------------+--------------------+---------+-------+---+----+
    |smvm_mux_83_32_1_1_U1  |smvm_mux_83_32_1_1  |        0|      0|  0|  45|
    |smvm_mux_83_32_1_1_U2  |smvm_mux_83_32_1_1  |        0|      0|  0|  45|
    +-----------------------+--------------------+---------+-------+---+----+
    |Total                  |                    |        0|      0|  0|  90|
    +-----------------------+--------------------+---------+-------+---+----+

    * DSP48: 
    N/A

    * Memory: 
    N/A

    * FIFO: 
    N/A

    * Expression: 
    +------------------------------+----------+-------+---+----+------------+------------+
    |         Variable Name        | Operation| DSP48E| FF| LUT| Bitwidth P0| Bitwidth P1|
    +------------------------------+----------+-------+---+----+------------+------------+
    |tmp_6_1_fu_1047_p2            |     *    |      3|  0|  20|          32|          32|
    |tmp_6_fu_1042_p2              |     *    |      3|  0|  20|          32|          32|
    |i_1_fu_705_p2                 |     +    |      0|  0|  13|           4|           1|
    |k_1_1_fu_801_p2               |     +    |      0|  0|  39|           2|          32|
    |k_1_fu_760_p2                 |     +    |      0|  0|  39|           1|          32|
    |ytmp_1_1_fu_1056_p2           |     +    |      0|  0|  39|          32|          32|
    |ytmp_1_fu_1051_p2             |     +    |      0|  0|  39|          32|          32|
    |ap_condition_351              |    and   |      0|  0|   2|           1|           1|
    |ap_condition_728              |    and   |      0|  0|   2|           1|           1|
    |exitcond_fu_699_p2            |   icmp   |      0|  0|  11|           4|           5|
    |sel_tmp1_fu_850_p2            |   icmp   |      0|  0|   9|           3|           3|
    |sel_tmp2_fu_830_p2            |   icmp   |      0|  0|   9|           3|           1|
    |sel_tmp3_fu_855_p2            |   icmp   |      0|  0|   9|           3|           3|
    |sel_tmp4_fu_835_p2            |   icmp   |      0|  0|   9|           3|           2|
    |sel_tmp6_fu_840_p2            |   icmp   |      0|  0|   9|           3|           2|
    |sel_tmp8_fu_845_p2            |   icmp   |      0|  0|   9|           3|           4|
    |sel_tmp_fu_825_p2             |   icmp   |      0|  0|   9|           3|           1|
    |tmp_3_1_fu_766_p2             |   icmp   |      0|  0|  18|          32|          32|
    |tmp_3_fu_721_p2               |   icmp   |      0|  0|  18|          32|          32|
    |ap_predicate_tran7to8_state4  |    or    |      0|  0|   2|           1|           1|
    |or_cond1_fu_882_p2            |    or    |      0|  0|   2|           1|           1|
    |or_cond2_fu_896_p2            |    or    |      0|  0|   2|           1|           1|
    |or_cond3_fu_918_p2            |    or    |      0|  0|   2|           1|           1|
    |or_cond_fu_868_p2             |    or    |      0|  0|   2|           1|           1|
    |newSel1_fu_874_p3             |  select  |      0|  0|  32|           1|          32|
    |newSel2_fu_888_p3             |  select  |      0|  0|  32|           1|          32|
    |newSel3_fu_902_p3             |  select  |      0|  0|  32|           1|          32|
    |newSel4_fu_910_p3             |  select  |      0|  0|  32|           1|          32|
    |newSel5_fu_924_p3             |  select  |      0|  0|  32|           1|          32|
    |newSel6_fu_932_p3             |  select  |      0|  0|  32|           1|          32|
    |newSel_fu_860_p3              |  select  |      0|  0|  32|           1|          32|
    |tmp_12_fu_948_p3              |  select  |      0|  0|   3|           1|           3|
    |tmp_15_fu_964_p3              |  select  |      0|  0|   3|           1|           3|
    |tmp_16_fu_972_p3              |  select  |      0|  0|   3|           1|           3|
    |tmp_19_fu_988_p3              |  select  |      0|  0|   3|           1|           3|
    |tmp_22_fu_1004_p3             |  select  |      0|  0|   3|           1|           3|
    |tmp_23_fu_1012_p3             |  select  |      0|  0|   3|           1|           3|
    |tmp_8_fu_1028_p9              |  select  |      0|  0|   3|           1|           3|
    |ap_enable_pp0                 |    xor   |      0|  0|   2|           1|           2|
    +------------------------------+----------+-------+---+----+------------+------------+
    |Total                         |          |      6|  0| 580|         246|         532|
    +------------------------------+----------+-------+---+----+------------+------------+

    * Multiplexer: 
    +------------------------------------------------+----+-----------+-----+-----------+
    |                      Name                      | LUT| Input Size| Bits| Total Bits|
    +------------------------------------------------+----+-----------+-----+-----------+
    |ap_NS_fsm                                       |  33|          6|    1|          6|
    |ap_enable_reg_pp0_iter3                         |   9|          2|    1|          2|
    |ap_phi_mux_columnIndex_load_0_p_phi_fu_629_p16  |  44|          9|   32|        288|
    |ap_phi_reg_pp0_iter2_values_load_0_phi_reg_655  |  44|          9|   32|        288|
    |i_reg_606                                       |   9|          2|    4|          8|
    |k1_reg_617                                      |   9|          2|   32|         64|
    |ytmp_lcssa_reg_688                              |   9|          2|   32|         64|
    |ytmp_reg_676                                    |   9|          2|   32|         64|
    +------------------------------------------------+----+-----------+-----+-----------+
    |Total                                           | 166|         34|  166|        784|
    +------------------------------------------------+----+-----------+-----+-----------+

    * Register: 
    +------------------------------------------------+----+----+-----+-----------+
    |                      Name                      | FF | LUT| Bits| Const Bits|
    +------------------------------------------------+----+----+-----+-----------+
    |ap_CS_fsm                                       |   5|   0|    5|          0|
    |ap_enable_reg_pp0_iter0                         |   1|   0|    1|          0|
    |ap_enable_reg_pp0_iter1                         |   1|   0|    1|          0|
    |ap_enable_reg_pp0_iter2                         |   1|   0|    1|          0|
    |ap_enable_reg_pp0_iter3                         |   1|   0|    1|          0|
    |ap_phi_reg_pp0_iter1_values_load_0_phi_reg_655  |  32|   0|   32|          0|
    |ap_phi_reg_pp0_iter2_values_load_0_phi_reg_655  |  32|   0|   32|          0|
    |i_1_reg_1064                                    |   4|   0|    4|          0|
    |i_reg_606                                       |   4|   0|    4|          0|
    |k1_reg_617                                      |  32|   0|   32|          0|
    |newSel6_reg_1372                                |  32|   0|   32|          0|
    |rowPtr_load_reg_1089                            |  32|   0|   32|          0|
    |tmp_3_1_reg_1238                                |   1|   0|    1|          0|
    |tmp_3_reg_1095                                  |   1|   0|    1|          0|
    |tmp_5_reg_1367                                  |  32|   0|   32|          0|
    |tmp_6_1_reg_1387                                |  32|   0|   32|          0|
    |tmp_6_reg_1382                                  |  32|   0|   32|          0|
    |tmp_7_reg_1099                                  |   3|   0|    3|          0|
    |tmp_8_reg_1377                                  |  32|   0|   32|          0|
    |tmp_reg_1069                                    |   4|   0|   64|         60|
    |x_0_read_reg_1190                               |  32|   0|   32|          0|
    |x_1_read_reg_1196                               |  32|   0|   32|          0|
    |x_2_read_reg_1202                               |  32|   0|   32|          0|
    |x_3_read_reg_1208                               |  32|   0|   32|          0|
    |x_4_read_reg_1214                               |  32|   0|   32|          0|
    |x_5_read_reg_1220                               |  32|   0|   32|          0|
    |x_6_read_reg_1226                               |  32|   0|   32|          0|
    |x_7_read_reg_1232                               |  32|   0|   32|          0|
    |ytmp_lcssa_reg_688                              |  32|   0|   32|          0|
    |ytmp_reg_676                                    |  32|   0|   32|          0|
    |tmp_3_1_reg_1238                                |  64|  32|    1|          0|
    |tmp_3_reg_1095                                  |  64|  32|    1|          0|
    +------------------------------------------------+----+----+-----+-----------+
    |Total                                           | 762|  64|  696|         60|
    +------------------------------------------------+----+----+-----+-----------+



================================================================
== Interface
================================================================
* Summary: 
+------------------------+-----+-----+------------+---------------+--------------+
|        RTL Ports       | Dir | Bits|  Protocol  | Source Object |    C Type    |
+------------------------+-----+-----+------------+---------------+--------------+
|ap_clk                  |  in |    1| ap_ctrl_hs |      smvm     | return value |
|ap_rst                  |  in |    1| ap_ctrl_hs |      smvm     | return value |
|ap_start                |  in |    1| ap_ctrl_hs |      smvm     | return value |
|ap_done                 | out |    1| ap_ctrl_hs |      smvm     | return value |
|ap_idle                 | out |    1| ap_ctrl_hs |      smvm     | return value |
|ap_ready                | out |    1| ap_ctrl_hs |      smvm     | return value |
|rowPtr_address0         | out |    4|  ap_memory |     rowPtr    |     array    |
|rowPtr_ce0              | out |    1|  ap_memory |     rowPtr    |     array    |
|rowPtr_q0               |  in |   32|  ap_memory |     rowPtr    |     array    |
|rowPtr_address1         | out |    4|  ap_memory |     rowPtr    |     array    |
|rowPtr_ce1              | out |    1|  ap_memory |     rowPtr    |     array    |
|rowPtr_q1               |  in |   32|  ap_memory |     rowPtr    |     array    |
|columnIndex_0_address0  | out |    1|  ap_memory | columnIndex_0 |     array    |
|columnIndex_0_ce0       | out |    1|  ap_memory | columnIndex_0 |     array    |
|columnIndex_0_q0        |  in |   32|  ap_memory | columnIndex_0 |     array    |
|columnIndex_0_address1  | out |    1|  ap_memory | columnIndex_0 |     array    |
|columnIndex_0_ce1       | out |    1|  ap_memory | columnIndex_0 |     array    |
|columnIndex_0_q1        |  in |   32|  ap_memory | columnIndex_0 |     array    |
|columnIndex_1_address0  | out |    1|  ap_memory | columnIndex_1 |     array    |
|columnIndex_1_ce0       | out |    1|  ap_memory | columnIndex_1 |     array    |
|columnIndex_1_q0        |  in |   32|  ap_memory | columnIndex_1 |     array    |
|columnIndex_1_address1  | out |    1|  ap_memory | columnIndex_1 |     array    |
|columnIndex_1_ce1       | out |    1|  ap_memory | columnIndex_1 |     array    |
|columnIndex_1_q1        |  in |   32|  ap_memory | columnIndex_1 |     array    |
|columnIndex_2_address0  | out |    1|  ap_memory | columnIndex_2 |     array    |
|columnIndex_2_ce0       | out |    1|  ap_memory | columnIndex_2 |     array    |
|columnIndex_2_q0        |  in |   32|  ap_memory | columnIndex_2 |     array    |
|columnIndex_2_address1  | out |    1|  ap_memory | columnIndex_2 |     array    |
|columnIndex_2_ce1       | out |    1|  ap_memory | columnIndex_2 |     array    |
|columnIndex_2_q1        |  in |   32|  ap_memory | columnIndex_2 |     array    |
|columnIndex_3_address0  | out |    1|  ap_memory | columnIndex_3 |     array    |
|columnIndex_3_ce0       | out |    1|  ap_memory | columnIndex_3 |     array    |
|columnIndex_3_q0        |  in |   32|  ap_memory | columnIndex_3 |     array    |
|columnIndex_3_address1  | out |    1|  ap_memory | columnIndex_3 |     array    |
|columnIndex_3_ce1       | out |    1|  ap_memory | columnIndex_3 |     array    |
|columnIndex_3_q1        |  in |   32|  ap_memory | columnIndex_3 |     array    |
|columnIndex_4_address0  | out |    1|  ap_memory | columnIndex_4 |     array    |
|columnIndex_4_ce0       | out |    1|  ap_memory | columnIndex_4 |     array    |
|columnIndex_4_q0        |  in |   32|  ap_memory | columnIndex_4 |     array    |
|columnIndex_4_address1  | out |    1|  ap_memory | columnIndex_4 |     array    |
|columnIndex_4_ce1       | out |    1|  ap_memory | columnIndex_4 |     array    |
|columnIndex_4_q1        |  in |   32|  ap_memory | columnIndex_4 |     array    |
|columnIndex_5_address0  | out |    1|  ap_memory | columnIndex_5 |     array    |
|columnIndex_5_ce0       | out |    1|  ap_memory | columnIndex_5 |     array    |
|columnIndex_5_q0        |  in |   32|  ap_memory | columnIndex_5 |     array    |
|columnIndex_5_address1  | out |    1|  ap_memory | columnIndex_5 |     array    |
|columnIndex_5_ce1       | out |    1|  ap_memory | columnIndex_5 |     array    |
|columnIndex_5_q1        |  in |   32|  ap_memory | columnIndex_5 |     array    |
|columnIndex_6_address0  | out |    1|  ap_memory | columnIndex_6 |     array    |
|columnIndex_6_ce0       | out |    1|  ap_memory | columnIndex_6 |     array    |
|columnIndex_6_q0        |  in |   32|  ap_memory | columnIndex_6 |     array    |
|columnIndex_6_address1  | out |    1|  ap_memory | columnIndex_6 |     array    |
|columnIndex_6_ce1       | out |    1|  ap_memory | columnIndex_6 |     array    |
|columnIndex_6_q1        |  in |   32|  ap_memory | columnIndex_6 |     array    |
|columnIndex_7_address0  | out |    1|  ap_memory | columnIndex_7 |     array    |
|columnIndex_7_ce0       | out |    1|  ap_memory | columnIndex_7 |     array    |
|columnIndex_7_q0        |  in |   32|  ap_memory | columnIndex_7 |     array    |
|columnIndex_7_address1  | out |    1|  ap_memory | columnIndex_7 |     array    |
|columnIndex_7_ce1       | out |    1|  ap_memory | columnIndex_7 |     array    |
|columnIndex_7_q1        |  in |   32|  ap_memory | columnIndex_7 |     array    |
|values_0_address0       | out |    1|  ap_memory |    values_0   |     array    |
|values_0_ce0            | out |    1|  ap_memory |    values_0   |     array    |
|values_0_q0             |  in |   32|  ap_memory |    values_0   |     array    |
|values_0_address1       | out |    1|  ap_memory |    values_0   |     array    |
|values_0_ce1            | out |    1|  ap_memory |    values_0   |     array    |
|values_0_q1             |  in |   32|  ap_memory |    values_0   |     array    |
|values_1_address0       | out |    1|  ap_memory |    values_1   |     array    |
|values_1_ce0            | out |    1|  ap_memory |    values_1   |     array    |
|values_1_q0             |  in |   32|  ap_memory |    values_1   |     array    |
|values_1_address1       | out |    1|  ap_memory |    values_1   |     array    |
|values_1_ce1            | out |    1|  ap_memory |    values_1   |     array    |
|values_1_q1             |  in |   32|  ap_memory |    values_1   |     array    |
|values_2_address0       | out |    1|  ap_memory |    values_2   |     array    |
|values_2_ce0            | out |    1|  ap_memory |    values_2   |     array    |
|values_2_q0             |  in |   32|  ap_memory |    values_2   |     array    |
|values_2_address1       | out |    1|  ap_memory |    values_2   |     array    |
|values_2_ce1            | out |    1|  ap_memory |    values_2   |     array    |
|values_2_q1             |  in |   32|  ap_memory |    values_2   |     array    |
|values_3_address0       | out |    1|  ap_memory |    values_3   |     array    |
|values_3_ce0            | out |    1|  ap_memory |    values_3   |     array    |
|values_3_q0             |  in |   32|  ap_memory |    values_3   |     array    |
|values_3_address1       | out |    1|  ap_memory |    values_3   |     array    |
|values_3_ce1            | out |    1|  ap_memory |    values_3   |     array    |
|values_3_q1             |  in |   32|  ap_memory |    values_3   |     array    |
|values_4_address0       | out |    1|  ap_memory |    values_4   |     array    |
|values_4_ce0            | out |    1|  ap_memory |    values_4   |     array    |
|values_4_q0             |  in |   32|  ap_memory |    values_4   |     array    |
|values_4_address1       | out |    1|  ap_memory |    values_4   |     array    |
|values_4_ce1            | out |    1|  ap_memory |    values_4   |     array    |
|values_4_q1             |  in |   32|  ap_memory |    values_4   |     array    |
|values_5_address0       | out |    1|  ap_memory |    values_5   |     array    |
|values_5_ce0            | out |    1|  ap_memory |    values_5   |     array    |
|values_5_q0             |  in |   32|  ap_memory |    values_5   |     array    |
|values_5_address1       | out |    1|  ap_memory |    values_5   |     array    |
|values_5_ce1            | out |    1|  ap_memory |    values_5   |     array    |
|values_5_q1             |  in |   32|  ap_memory |    values_5   |     array    |
|values_6_address0       | out |    1|  ap_memory |    values_6   |     array    |
|values_6_ce0            | out |    1|  ap_memory |    values_6   |     array    |
|values_6_q0             |  in |   32|  ap_memory |    values_6   |     array    |
|values_6_address1       | out |    1|  ap_memory |    values_6   |     array    |
|values_6_ce1            | out |    1|  ap_memory |    values_6   |     array    |
|values_6_q1             |  in |   32|  ap_memory |    values_6   |     array    |
|values_7_address0       | out |    1|  ap_memory |    values_7   |     array    |
|values_7_ce0            | out |    1|  ap_memory |    values_7   |     array    |
|values_7_q0             |  in |   32|  ap_memory |    values_7   |     array    |
|values_7_address1       | out |    1|  ap_memory |    values_7   |     array    |
|values_7_ce1            | out |    1|  ap_memory |    values_7   |     array    |
|values_7_q1             |  in |   32|  ap_memory |    values_7   |     array    |
|y_address0              | out |    3|  ap_memory |       y       |     array    |
|y_ce0                   | out |    1|  ap_memory |       y       |     array    |
|y_we0                   | out |    1|  ap_memory |       y       |     array    |
|y_d0                    | out |   32|  ap_memory |       y       |     array    |
|x_0                     |  in |   32|   ap_none  |      x_0      |    pointer   |
|x_1                     |  in |   32|   ap_none  |      x_1      |    pointer   |
|x_2                     |  in |   32|   ap_none  |      x_2      |    pointer   |
|x_3                     |  in |   32|   ap_none  |      x_3      |    pointer   |
|x_4                     |  in |   32|   ap_none  |      x_4      |    pointer   |
|x_5                     |  in |   32|   ap_none  |      x_5      |    pointer   |
|x_6                     |  in |   32|   ap_none  |      x_6      |    pointer   |
|x_7                     |  in |   32|   ap_none  |      x_7      |    pointer   |
+------------------------+-----+-----+------------+---------------+--------------+

